I, [2015-11-27T16:55:06.428814 #17567]  INFO -- : Refreshing Gem list
/usr/local/rvm/gems/ruby-2.2.1/gems/activerecord-4.2.5/lib/active_record/connection_adapters/connection_specification.rb:248:in `resolve_symbol_connection': 'production' database is not configured. Available: ["development", "test"] (ActiveRecord::AdapterNotSpecified)
	from /usr/local/rvm/gems/ruby-2.2.1/gems/activerecord-4.2.5/lib/active_record/connection_adapters/connection_specification.rb:211:in `resolve_connection'
	from /usr/local/rvm/gems/ruby-2.2.1/gems/activerecord-4.2.5/lib/active_record/connection_adapters/connection_specification.rb:139:in `resolve'
	from /usr/local/rvm/gems/ruby-2.2.1/gems/activerecord-4.2.5/lib/active_record/connection_adapters/connection_specification.rb:169:in `spec'
	from /usr/local/rvm/gems/ruby-2.2.1/gems/activerecord-4.2.5/lib/active_record/connection_handling.rb:50:in `establish_connection'
	from /usr/local/rvm/gems/ruby-2.2.1/gems/activerecord-4.2.5/lib/active_record/railtie.rb:120:in `block (2 levels) in <class:Railtie>'
	from /usr/local/rvm/gems/ruby-2.2.1/gems/activesupport-4.2.5/lib/active_support/lazy_load_hooks.rb:38:in `instance_eval'
	from /usr/local/rvm/gems/ruby-2.2.1/gems/activesupport-4.2.5/lib/active_support/lazy_load_hooks.rb:38:in `execute_hook'
	from /usr/local/rvm/gems/ruby-2.2.1/gems/activesupport-4.2.5/lib/active_support/lazy_load_hooks.rb:45:in `block in run_load_hooks'
	from /usr/local/rvm/gems/ruby-2.2.1/gems/activesupport-4.2.5/lib/active_support/lazy_load_hooks.rb:44:in `each'
	from /usr/local/rvm/gems/ruby-2.2.1/gems/activesupport-4.2.5/lib/active_support/lazy_load_hooks.rb:44:in `run_load_hooks'
	from /usr/local/rvm/gems/ruby-2.2.1/gems/activerecord-4.2.5/lib/active_record/base.rb:315:in `<module:ActiveRecord>'
	from /usr/local/rvm/gems/ruby-2.2.1/gems/activerecord-4.2.5/lib/active_record/base.rb:26:in `<top (required)>'
	from /usr/local/rvm/gems/ruby-2.2.1/gems/activerecord-4.2.5/lib/active_record/relation/predicate_builder.rb:121:in `<class:PredicateBuilder>'
	from /usr/local/rvm/gems/ruby-2.2.1/gems/activerecord-4.2.5/lib/active_record/relation/predicate_builder.rb:2:in `<module:ActiveRecord>'
	from /usr/local/rvm/gems/ruby-2.2.1/gems/activerecord-4.2.5/lib/active_record/relation/predicate_builder.rb:1:in `<top (required)>'
	from /usr/local/rvm/gems/ruby-2.2.1/gems/activesupport-4.2.5/lib/active_support/dependencies.rb:274:in `require'
	from /usr/local/rvm/gems/ruby-2.2.1/gems/activesupport-4.2.5/lib/active_support/dependencies.rb:274:in `block in require'
	from /usr/local/rvm/gems/ruby-2.2.1/gems/activesupport-4.2.5/lib/active_support/dependencies.rb:240:in `load_dependency'
	from /usr/local/rvm/gems/ruby-2.2.1/gems/activesupport-4.2.5/lib/active_support/dependencies.rb:274:in `require'
	from /usr/local/rvm/gems/ruby-2.2.1/gems/activesupport-4.2.5/lib/active_support/dependencies/autoload.rb:70:in `block in eager_load!'
	from /usr/local/rvm/gems/ruby-2.2.1/gems/activesupport-4.2.5/lib/active_support/dependencies/autoload.rb:70:in `each_value'
	from /usr/local/rvm/gems/ruby-2.2.1/gems/activesupport-4.2.5/lib/active_support/dependencies/autoload.rb:70:in `eager_load!'
	from /usr/local/rvm/gems/ruby-2.2.1/gems/activerecord-4.2.5/lib/active_record.rb:160:in `eager_load!'
	from /usr/local/rvm/gems/ruby-2.2.1/gems/railties-4.2.5/lib/rails/application/finisher.rb:56:in `each'
	from /usr/local/rvm/gems/ruby-2.2.1/gems/railties-4.2.5/lib/rails/application/finisher.rb:56:in `block in <module:Finisher>'
	from /usr/local/rvm/gems/ruby-2.2.1/gems/railties-4.2.5/lib/rails/initializable.rb:30:in `instance_exec'
	from /usr/local/rvm/gems/ruby-2.2.1/gems/railties-4.2.5/lib/rails/initializable.rb:30:in `run'
	from /usr/local/rvm/gems/ruby-2.2.1/gems/railties-4.2.5/lib/rails/initializable.rb:55:in `block in run_initializers'
	from /usr/local/rvm/rubies/ruby-2.2.1/lib/ruby/2.2.0/tsort.rb:226:in `block in tsort_each'
	from /usr/local/rvm/rubies/ruby-2.2.1/lib/ruby/2.2.0/tsort.rb:348:in `block (2 levels) in each_strongly_connected_component'
	from /usr/local/rvm/rubies/ruby-2.2.1/lib/ruby/2.2.0/tsort.rb:429:in `each_strongly_connected_component_from'
	from /usr/local/rvm/rubies/ruby-2.2.1/lib/ruby/2.2.0/tsort.rb:347:in `block in each_strongly_connected_component'
	from /usr/local/rvm/rubies/ruby-2.2.1/lib/ruby/2.2.0/tsort.rb:345:in `each'
	from /usr/local/rvm/rubies/ruby-2.2.1/lib/ruby/2.2.0/tsort.rb:345:in `call'
	from /usr/local/rvm/rubies/ruby-2.2.1/lib/ruby/2.2.0/tsort.rb:345:in `each_strongly_connected_component'
	from /usr/local/rvm/rubies/ruby-2.2.1/lib/ruby/2.2.0/tsort.rb:224:in `tsort_each'
	from /usr/local/rvm/rubies/ruby-2.2.1/lib/ruby/2.2.0/tsort.rb:203:in `tsort_each'
	from /usr/local/rvm/gems/ruby-2.2.1/gems/railties-4.2.5/lib/rails/initializable.rb:54:in `run_initializers'
	from /usr/local/rvm/gems/ruby-2.2.1/gems/railties-4.2.5/lib/rails/application.rb:352:in `initialize!'
	from /root/portfolio/config/environment.rb:5:in `<top (required)>'
	from config.ru:4:in `require'
	from config.ru:4:in `block in <main>'
	from /usr/local/rvm/gems/ruby-2.2.1/gems/rack-1.6.4/lib/rack/builder.rb:55:in `instance_eval'
	from /usr/local/rvm/gems/ruby-2.2.1/gems/rack-1.6.4/lib/rack/builder.rb:55:in `initialize'
	from config.ru:1:in `new'
	from config.ru:1:in `<main>'
	from /usr/local/rvm/gems/ruby-2.2.1/gems/unicorn-4.9.0/lib/unicorn.rb:48:in `eval'
	from /usr/local/rvm/gems/ruby-2.2.1/gems/unicorn-4.9.0/lib/unicorn.rb:48:in `block in builder'
	from /usr/local/rvm/gems/ruby-2.2.1/gems/unicorn-4.9.0/lib/unicorn/http_server.rb:768:in `call'
	from /usr/local/rvm/gems/ruby-2.2.1/gems/unicorn-4.9.0/lib/unicorn/http_server.rb:768:in `build_app!'
	from /usr/local/rvm/gems/ruby-2.2.1/gems/unicorn-4.9.0/lib/unicorn/http_server.rb:137:in `start'
	from /usr/local/rvm/gems/ruby-2.2.1/gems/unicorn-4.9.0/bin/unicorn:126:in `<top (required)>'
	from /usr/local/rvm/gems/ruby-2.2.1/bin/unicorn:23:in `load'
	from /usr/local/rvm/gems/ruby-2.2.1/bin/unicorn:23:in `<main>'
	from /usr/local/rvm/gems/ruby-2.2.1/bin/ruby_executable_hooks:15:in `eval'
	from /usr/local/rvm/gems/ruby-2.2.1/bin/ruby_executable_hooks:15:in `<main>'
I, [2015-11-27T20:13:51.509241 #19598]  INFO -- : Refreshing Gem list
I, [2015-11-27T20:13:53.156696 #19598]  INFO -- : listening on addr=/root/portfolio/shared/sockets/unicorn.sock fd=11
I, [2015-11-27T20:13:53.156904 #19598]  INFO -- : worker=0 spawning...
I, [2015-11-27T20:13:53.159170 #19598]  INFO -- : worker=1 spawning...
I, [2015-11-27T20:13:53.160228 #19601]  INFO -- : worker=0 spawned pid=19601
I, [2015-11-27T20:13:53.162858 #19598]  INFO -- : master process ready
I, [2015-11-27T20:13:53.178540 #19604]  INFO -- : worker=1 spawned pid=19604
I, [2015-11-27T20:13:53.184523 #19601]  INFO -- : worker=0 ready
I, [2015-11-27T20:13:53.190533 #19604]  INFO -- : worker=1 ready
